<?xml version="1.0" encoding="UTF-8"?>
<!-- Generated by org.testng.reporters.JUnitReportReporter -->
<testsuite name="UnitTest.sumTest" tests="10" time="8.626" ignored="5" failures="0" timestamp="23 Jan 2017 21:10:45 GMT" skipped="0" hostname="DESKTOP-M3OIBUQ" errors="0">
  <testcase name="numberIsPositive" time="2.180" classname="UnitTest.sumTest"/>
  <testcase name="sinOfZero" time="0.047" classname="UnitTest.sumTest"/>
  <testcase name="testDivByZero" time="0.000" classname="UnitTest.sumTest"/>
  <testcase name="sqrtOfFour" time="2.149" classname="UnitTest.sumTest"/>
  <testcase name="testSum" time="0.000" classname="UnitTest.sumTest"/>
  <testcase name="testDivTreeByTwo" time="2.086" classname="UnitTest.sumTest"/>
  <testcase name="numberIsNegative" time="2.149" classname="UnitTest.sumTest"/>
  <testcase name="testSum" time="0.000" classname="UnitTest.sumTest"/>
  <testcase name="testSum" time="0.000" classname="UnitTest.sumTest"/>
  <testcase name="testSum" time="0.015" classname="UnitTest.sumTest"/>
  <testcase name="tagOfZero" classname="UnitTest.sumTest">
    <skipped/>
  </testcase> <!-- tagOfZero -->
  <testcase name="multiplicationTwoAndTwo" classname="UnitTest.sumTest">
    <skipped/>
  </testcase> <!-- multiplicationTwoAndTwo -->
  <testcase name="testDivByZeroDouble" classname="UnitTest.sumTest">
    <skipped/>
  </testcase> <!-- testDivByZeroDouble -->
  <testcase name="ctgOfRightTangel" classname="UnitTest.sumTest">
    <skipped/>
  </testcase> <!-- ctgOfRightTangel -->
  <testcase name="cosOfZero" classname="UnitTest.sumTest">
    <skipped/>
  </testcase> <!-- cosOfZero -->
</testsuite> <!-- UnitTest.sumTest -->
