<?xml version="1.0" encoding="UTF-8"?>
<!-- Generated by org.testng.reporters.JUnitReportReporter -->
<testsuite name="tests.GmailTest" tests="1" time="56.258" ignored="0" failures="0" timestamp="29 Jan 2017 09:44:49 GMT" skipped="0" hostname="DESKTOP-M3OIBUQ" errors="0">
  <testcase name="checkMessageIsSent" time="56.258" classname="tests.GmailTest"/>
</testsuite> <!-- tests.GmailTest -->
