<?xml version="1.0" encoding="UTF-8"?>
<!-- Generated by org.testng.reporters.JUnitReportReporter -->
<testsuite name="tests.GmailTest" tests="1" time="49.319" ignored="0" failures="0" timestamp="03 Feb 2017 20:02:30 GMT" skipped="0" hostname="DESKTOP-M3OIBUQ" errors="0">
  <testcase name="sendLetter" time="49.319" classname="tests.GmailTest"/>
</testsuite> <!-- tests.GmailTest -->
